#
# There is insufficient memory for the Java Runtime Environment to continue.
# Native memory allocation (mmap) failed to map 132120576 bytes for Failed to commit area from 0x0000000082200000 to 0x000000008a000000 of length 132120576.
# Possible reasons:
#   The system is out of physical RAM or swap space
#   The process is running with CompressedOops enabled, and the Java Heap may be blocking the growth of the native heap
# Possible solutions:
#   Reduce memory load on the system
#   Increase physical memory or swap space
#   Check if swap backing store is full
#   Decrease Java heap size (-Xmx/-Xms)
#   Decrease number of Java threads
#   Decrease Java thread stack sizes (-Xss)
#   Set larger code cache with -XX:ReservedCodeCacheSize=
# This output file may be truncated or incomplete.
#
#  Out of Memory Error (t:/workspace/hotspot/src/os/windows/vm/os_windows.cpp:3357), pid=57396, tid=99472
#
# JRE version:  (9.0+11) (build )
# Java VM: Java HotSpot(TM) 64-Bit Server VM (9.0.4+11, mixed mode, tiered, compressed oops, g1 gc, windows-amd64)
# No core dump will be written. Minidumps are not enabled by default on client versions of Windows
#

---------------  S U M M A R Y ------------

Command Line: -Dmaven.multiModuleProjectDirectory=C:\Users\10442\IdeaProjects\test -Dmaven.home=D:\software\apache-maven-3.6.3 -Dclassworlds.conf=D:\software\apache-maven-3.6.3\bin\m2.conf -Dmaven.ext.class.path=D:\software\idea\IntelliJ IDEA 2020.2.3\plugins\maven\lib\maven-event-listener.jar -javaagent:D:\software\idea\IntelliJ IDEA 2020.2.3\lib\idea_rt.jar=56770:D:\software\idea\IntelliJ IDEA 2020.2.3\bin -Dfile.encoding=UTF-8 org.codehaus.classworlds.Launcher -Didea.version=2020.2.3 -s D:\software\apache-maven-3.6.3\conf\settings.xml test

Host: Intel(R) Core(TM) i7-7700HQ CPU @ 2.80GHz, 8 cores, 7G,  Windows 10 , 64 bit Build 18362 (10.0.18362.959)
Time: Fri Oct 23 14:17:48 2020 ?¡Â?¡¤??¨¢?¨º¡À elapsed time: 0 seconds (0d 0h 0m 0s)

---------------  T H R E A D  ---------------

Current thread (0x0000027d3dcba000):  JavaThread "Unknown thread" [_thread_in_vm, id=99472, stack(0x000000ea5db00000,0x000000ea5dc00000)]

Stack: [0x000000ea5db00000,0x000000ea5dc00000]
Native frames: (J=compiled Java code, j=interpreted, Vv=VM code, C=native code)
V  [jvm.dll+0x587068]
V  [jvm.dll+0x69c25e]
V  [jvm.dll+0x69d17a]
V  [jvm.dll+0x69d7b3]
V  [jvm.dll+0x21d198]
V  [jvm.dll+0x584bb4]
V  [jvm.dll+0x57a095]
V  [jvm.dll+0x2cd67b]
V  [jvm.dll+0x2cd5e3]
V  [jvm.dll+0x2cd4b2]
V  [jvm.dll+0x2cf4b3]
V  [jvm.dll+0x3191e3]
V  [jvm.dll+0x3198f6]
V  [jvm.dll+0x3192e3]
V  [jvm.dll+0x2adeb8]
V  [jvm.dll+0x2af0e7]
V  [jvm.dll+0x67b34d]
V  [jvm.dll+0x67c70c]
V  [jvm.dll+0x3269c9]
V  [jvm.dll+0x66555e]
V  [jvm.dll+0x391811]
V  [jvm.dll+0x3937c1]
C  [java.exe+0x34f1]
C  [java.exe+0xe24f]
C  [java.exe+0xe3f6]
C  [KERNEL32.DLL+0x17bd4]
C  [ntdll.dll+0x6ce51]


---------------  P R O C E S S  ---------------

Java Threads: ( => current thread )

Other Threads:
  0x0000027d3dcd1000 GCTaskThread "GC Thread#0" [stack: 0x000000ea5dc00000,0x000000ea5dd00000] [id=58012]
  0x0000027d3dcd2800 GCTaskThread "GC Thread#1" [stack: 0x000000ea5dd00000,0x000000ea5de00000] [id=17696]
  0x0000027d3dcd4000 GCTaskThread "GC Thread#2" [stack: 0x000000ea5de00000,0x000000ea5df00000] [id=105312]
  0x0000027d3dcda800 GCTaskThread "GC Thread#3" [stack: 0x000000ea5df00000,0x000000ea5e000000] [id=168660]
  0x0000027d3dcdc000 GCTaskThread "GC Thread#4" [stack: 0x000000ea5e000000,0x000000ea5e100000] [id=105528]
  0x0000027d3dcdf000 GCTaskThread "GC Thread#5" [stack: 0x000000ea5e100000,0x000000ea5e200000] [id=167696]
  0x0000027d3dce0800 GCTaskThread "GC Thread#6" [stack: 0x000000ea5e200000,0x000000ea5e300000] [id=102352]
  0x0000027d3dce2000 GCTaskThread "GC Thread#7" [stack: 0x000000ea5e300000,0x000000ea5e400000] [id=135464]
  0x0000027d3dd34000 ConcurrentGCThread "G1 Main Marker" [stack: 0x000000ea5ed00000,0x000000ea5ee00000] [id=95476]
  0x0000027d3dd35000 ConcurrentGCThread "G1 Marker#0" [stack: 0x000000ea5ee00000,0x000000ea5ef00000] [id=121016]
  0x0000027d3dd35800 ConcurrentGCThread "G1 Marker#1" [stack: 0x000000ea5ef00000,0x000000ea5f000000] [id=149880]
  0x0000027d3dcf7800 ConcurrentGCThread "G1 Refine#0" [stack: 0x000000ea5eb00000,0x000000ea5ec00000] [id=102228]
  0x0000027d3dcf6800 ConcurrentGCThread "G1 Refine#1" [stack: 0x000000ea5ea00000,0x000000ea5eb00000] [id=98504]
  0x0000027d3dcf7000 ConcurrentGCThread "G1 Refine#2" [stack: 0x000000ea5e900000,0x000000ea5ea00000] [id=77576]
  0x0000027d3dcf5800 ConcurrentGCThread "G1 Refine#3" [stack: 0x000000ea5e800000,0x000000ea5e900000] [id=118908]
  0x0000027d3dcf3000 ConcurrentGCThread "G1 Refine#4" [stack: 0x000000ea5e700000,0x000000ea5e800000] [id=94624]
  0x0000027d3dcf5000 ConcurrentGCThread "G1 Refine#5" [stack: 0x000000ea5e600000,0x000000ea5e700000] [id=55548]
  0x0000027d3dcf4800 ConcurrentGCThread "G1 Refine#6" [stack: 0x000000ea5e500000,0x000000ea5e600000] [id=93588]
  0x0000027d3dcf0800 ConcurrentGCThread "G1 Refine#7" [stack: 0x000000ea5e400000,0x000000ea5e500000] [id=144860]
  0x0000027d3dd04000 ConcurrentGCThread "G1 Young RemSet Sampling" [stack: 0x000000ea5ec00000,0x000000ea5ed00000] [id=174876]

=>0x0000027d3dcba000 (exited) JavaThread "Unknown thread" [_thread_in_vm, id=99472, stack(0x000000ea5db00000,0x000000ea5dc00000)]

Threads with active compile tasks:

VM state:not at safepoint (not fully initialized)

VM Mutex/Monitor currently owned by a thread:  ([mutex/lock_event])
[0x0000027d3dcb4e40] Heap_lock - owner thread: 0x0000027d3dcba000

Heap address: 0x0000000082200000, size: 2014 MB, Compressed Oops mode: Non-zero based: 0x0000000082200000
Narrow klass base: 0x0000000000000000, Narrow klass shift: 0

GC Heap History (0 events):
No events

Deoptimization events (0 events):
No events

Classes redefined (0 events):
No events

Internal exceptions (0 events):
No events

Events (0 events):
No events


Dynamic libraries:
0x00007ff727b90000 - 0x00007ff727bce000 	D:\software\java\bin\java.exe
0x00007fffac800000 - 0x00007fffac9f0000 	C:\WINDOWS\SYSTEM32\ntdll.dll
0x00007fffaac80000 - 0x00007fffaad32000 	C:\WINDOWS\System32\KERNEL32.DLL
0x00007fffa9780000 - 0x00007fffa9a24000 	C:\WINDOWS\System32\KERNELBASE.dll
0x00007fffaa9a0000 - 0x00007fffaaa43000 	C:\WINDOWS\System32\ADVAPI32.dll
0x00007fffac330000 - 0x00007fffac3ce000 	C:\WINDOWS\System32\msvcrt.dll
0x00007fffaa900000 - 0x00007fffaa997000 	C:\WINDOWS\System32\sechost.dll
0x00007fffabd40000 - 0x00007fffabe60000 	C:\WINDOWS\System32\RPCRT4.dll
0x00007fffac440000 - 0x00007fffac5d5000 	C:\WINDOWS\System32\USER32.dll
0x00007fffaa4d0000 - 0x00007fffaa4f1000 	C:\WINDOWS\System32\win32u.dll
0x00007fffaa8b0000 - 0x00007fffaa8d6000 	C:\WINDOWS\System32\GDI32.dll
0x00007fffaa710000 - 0x00007fffaa8a6000 	C:\WINDOWS\System32\gdi32full.dll
0x00007fffaa500000 - 0x00007fffaa59e000 	C:\WINDOWS\System32\msvcp_win.dll
0x00007fffa9b10000 - 0x00007fffa9c0a000 	C:\WINDOWS\System32\ucrtbase.dll
0x00007fffa2c70000 - 0x00007fffa2c7a000 	C:\WINDOWS\SYSTEM32\VERSION.dll
0x00007fff9e440000 - 0x00007fff9e6c4000 	C:\WINDOWS\WinSxS\amd64_microsoft.windows.common-controls_6595b64144ccf1df_6.0.18362.1016_none_9e7a36bbe461dae4\COMCTL32.dll
0x00007fffab8a0000 - 0x00007fffabbd5000 	C:\WINDOWS\System32\combase.dll
0x00007fffaa450000 - 0x00007fffaa4d0000 	C:\WINDOWS\System32\bcryptPrimitives.dll
0x00007fffaaf30000 - 0x00007fffaaf5e000 	C:\WINDOWS\System32\IMM32.DLL
0x00007fff947c0000 - 0x00007fff948af000 	D:\software\java\bin\msvcr120.dll
0x00007fff83c00000 - 0x00007fff83ca6000 	D:\software\java\bin\msvcp120.dll
0x0000000076060000 - 0x0000000076a85000 	D:\software\java\bin\server\jvm.dll
0x00007fffaa8e0000 - 0x00007fffaa8e8000 	C:\WINDOWS\System32\PSAPI.DLL
0x00007fff9b9c0000 - 0x00007fff9b9c9000 	C:\WINDOWS\SYSTEM32\WSOCK32.dll
0x00007fffa0130000 - 0x00007fffa0154000 	C:\WINDOWS\SYSTEM32\WINMM.dll
0x00007fffab830000 - 0x00007fffab89f000 	C:\WINDOWS\System32\WS2_32.dll
0x00007fff9fee0000 - 0x00007fff9ff0d000 	C:\WINDOWS\SYSTEM32\winmmbase.dll
0x00007fffa9a30000 - 0x00007fffa9a7a000 	C:\WINDOWS\System32\cfgmgr32.dll
0x00007fffa0a00000 - 0x00007fffa0a0f000 	D:\software\java\bin\verify.dll
0x00007fff9fe20000 - 0x00007fff9fe47000 	D:\software\java\bin\java.dll
0x00007fff9e880000 - 0x00007fff9e8aa000 	D:\software\java\bin\instrument.dll
0x00007fff9fea0000 - 0x00007fff9feb6000 	D:\software\java\bin\zip.dll
0x00007fff9fd80000 - 0x00007fff9fd8a000 	D:\software\java\bin\jimage.dll
0x00007fffa7ff0000 - 0x00007fffa81e4000 	C:\WINDOWS\SYSTEM32\dbghelp.dll

VM Arguments:
jvm_args: -Dmaven.multiModuleProjectDirectory=C:\Users\10442\IdeaProjects\test -Dmaven.home=D:\software\apache-maven-3.6.3 -Dclassworlds.conf=D:\software\apache-maven-3.6.3\bin\m2.conf -Dmaven.ext.class.path=D:\software\idea\IntelliJ IDEA 2020.2.3\plugins\maven\lib\maven-event-listener.jar -javaagent:D:\software\idea\IntelliJ IDEA 2020.2.3\lib\idea_rt.jar=56770:D:\software\idea\IntelliJ IDEA 2020.2.3\bin -Dfile.encoding=UTF-8 
java_command: org.codehaus.classworlds.Launcher -Didea.version=2020.2.3 -s D:\software\apache-maven-3.6.3\conf\settings.xml test
java_class_path (initial): D:\software\apache-maven-3.6.3\boot\plexus-classworlds-2.6.0.jar;D:\software\apache-maven-3.6.3\boot\plexus-classworlds.license
Launcher Type: SUN_STANDARD

Logging:
Log output configuration:
#0: stdout all=warning uptime,level,tags
#1: stderr all=off uptime,level,tags

Environment Variables:
JAVA_HOME=D:\software\java
PATH=C:\Program Files (x86)\Common Files\Intel\Shared Libraries\redist\intel64\compiler;C:\Windows\system32;C:\Windows;C:\Windows\System32\Wbem;C:\Windows\System32\WindowsPowerShell\v1.0\;C:\Program Files\Intel\WiFi\bin\;C:\Program Files\Common Files\Intel\WirelessCommon\;C:\Program Files (x86)\NVIDIA Corporation\PhysX\Common;C:\WINDOWS\system32;C:\WINDOWS;C:\WINDOWS\System32\Wbem;C:\WINDOWS\System32\WindowsPowerShell\v1.0\;C:\WINDOWS\System32\OpenSSH\;D:\software\java\bin;D:\software\apache-maven-3.6.3\bin;D:\software\mySQL\mysql-8.0.20-winx64\bin;C:\Users\10442\AppData\Local\Programs\Python\Python38\Scripts\;C:\Users\10442\AppData\Local\Programs\Python\Python38\;C:\Users\10442\AppData\Local\Microsoft\WindowsApps;D:\software\java\bin;
USERNAME=10442
OS=Windows_NT
PROCESSOR_IDENTIFIER=Intel64 Family 6 Model 158 Stepping 9, GenuineIntel



---------------  S Y S T E M  ---------------

OS: Windows 10 , 64 bit Build 18362 (10.0.18362.959)

CPU:total 8 (initial active 8) (4 cores per cpu, 2 threads per core) family 6 model 158 stepping 9, cmov, cx8, fxsr, mmx, sse, sse2, sse3, ssse3, sse4.1, sse4.2, popcnt, avx, avx2, aes, clmul, erms, 3dnowpref, lzcnt, ht, tsc, tscinvbit, bmi1, bmi2, adx, fma

Memory: 4k page, physical 8247248k(777276k free), swap 21934412k(71332k free)

vm_info: Java HotSpot(TM) 64-Bit Server VM (9.0.4+11) for windows-amd64 JRE (9.0.4+11), built on Dec 20 2017 02:18:54 by "mach5one" with MS VC++ 12.0 (VS2013)

END.
